<?xml version="1.0" encoding="UTF-8"?>
<!DOCTYPE mapper
    PUBLIC "-//mybatis.org//DTD Mapper 3.0//EN"
    "http://mybatis.org/dtd/mybatis-3-mapper.dtd">
<mapper namespace="test">
	<select id="selectOne" resultType="test">
		select * from test where test_id = '123123'
	</select>
	<insert id="insert">
		insert into test values
		(seq_test.nextval, #{text}, sysdate)
	</insert>
	
 	<select id="selectAll" resultType="test">	
		select * from test 
		order by 3 desc
	</select>
</mapper>